<?xml version="1.0" encoding="UTF-8"?>
<!-- Generated by org.testng.reporters.JUnitXMLReporter -->
<testsuite hostname="DESKTOP-QPB2JR7" name="Default test" tests="3" failures="0" timestamp="20 May 2020 00:19:04 GMT" time="47.886" errors="0">
  <testcase name="TestverifyactiLogo" time="0.132" classname="com.acti.Testcase.LoginPageTest"/>
  <testcase name="TestLoginPageTitle" time="0.017" classname="com.acti.Testcase.LoginPageTest"/>
  <testcase name="TestvalidateLoginFunction" time="0.438" classname="com.acti.Testcase.LoginPageTest"/>
</testsuite> <!-- Default test -->
