<?xml version="1.0" encoding="UTF-8"?>
<testng-results skipped="0" failed="0" total="1" passed="1">
  <reporter-output>
  </reporter-output>
  <suite name="Default suite" duration-ms="26584" started-at="2020-05-27T19:26:49Z" finished-at="2020-05-27T19:27:16Z">
    <groups>
    </groups>
    <test name="Default test" duration-ms="26584" started-at="2020-05-27T19:26:49Z" finished-at="2020-05-27T19:27:16Z">
      <class name="com.acti.Testcase.TestCreateCustomer">
        <test-method status="PASS" signature="preTest()[pri:0, instance:com.acti.Testcase.TestCreateCustomer@26653222]" name="preTest" is-config="true" duration-ms="14194" started-at="2020-05-27T14:26:49Z" finished-at="2020-05-27T14:27:03Z">
          <reporter-output>
          </reporter-output>
        </test-method> <!-- preTest -->
        <test-method status="PASS" signature="testCreateCustomer()[pri:0, instance:com.acti.Testcase.TestCreateCustomer@26653222]" name="testCreateCustomer" duration-ms="8204" started-at="2020-05-27T14:27:03Z" finished-at="2020-05-27T14:27:11Z">
          <reporter-output>
          </reporter-output>
        </test-method> <!-- testCreateCustomer -->
        <test-method status="PASS" signature="postTest()[pri:0, instance:com.acti.Testcase.TestCreateCustomer@26653222]" name="postTest" is-config="true" duration-ms="4144" started-at="2020-05-27T14:27:11Z" finished-at="2020-05-27T14:27:16Z">
          <reporter-output>
          </reporter-output>
        </test-method> <!-- postTest -->
      </class> <!-- com.acti.Testcase.TestCreateCustomer -->
    </test> <!-- Default test -->
  </suite> <!-- Default suite -->
</testng-results>
