<?xml version="1.0" encoding="UTF-8"?>
<testng-results skipped="4" failed="0" total="4" passed="0">
  <reporter-output>
  </reporter-output>
  <suite name="Default suite" duration-ms="4442" started-at="2020-09-10T01:09:10Z" finished-at="2020-09-10T01:09:14Z">
    <groups>
    </groups>
    <test name="Default test" duration-ms="4442" started-at="2020-09-10T01:09:10Z" finished-at="2020-09-10T01:09:14Z">
      <class name="com.acti.Testcase.LoginPageTest">
        <test-method status="FAIL" signature="preTest()[pri:0, instance:com.acti.Testcase.LoginPageTest@26653222]" name="preTest" is-config="true" duration-ms="0" started-at="2020-09-09T20:09:10Z" finished-at="2020-09-09T20:09:10Z">
          <exception class="org.openqa.selenium.SessionNotCreatedException">
            <message>
              <![CDATA[session not created: This version of ChromeDriver only supports Chrome version 80
Build info: version: '3.141.59', revision: 'e82be7d358', time: '2018-11-14T08:17:03'
System info: host: 'DESKTOP-QPB2JR7', ip: '192.168.1.104', os.name: 'Windows 10', os.arch: 'amd64', os.version: '10.0', java.version: '1.8.0_241'
Driver info: driver.version: ChromeDriver
remote stacktrace: Backtrace:
	Ordinal0 [0x00430C83+1707139]
	Ordinal0 [0x003968F1+1075441]
	Ordinal0 [0x0030DFC9+516041]
	Ordinal0 [0x002A0554+66900]
	Ordinal0 [0x0029CCE2+52450]
	Ordinal0 [0x002BBFD7+180183]
	Ordinal0 [0x002BBDDD+179677]
	Ordinal0 [0x002B9D4B+171339]
	Ordinal0 [0x002A1D4A+73034]
	Ordinal0 [0x002A2DC0+77248]
	Ordinal0 [0x002A2D59+77145]
	Ordinal0 [0x003ABB67+1162087]
	GetHandleVerifier [0x004CA966+508998]
	GetHandleVerifier [0x004CA6A4+508292]
	GetHandleVerifier [0x004DF7B7+594583]
	GetHandleVerifier [0x004CB1D6+511158]
	Ordinal0 [0x003A402C+1130540]
	Ordinal0 [0x003AD4CB+1168587]
	Ordinal0 [0x003AD633+1168947]
	Ordinal0 [0x003C5B35+1268533]
	BaseThreadInitThunk [0x75406359+25]
	RtlGetAppContainerNamedObjectPath [0x776C7C24+228]
	RtlGetAppContainerNamedObjectPath [0x776C7BF4+180]
]]>
            </message>
            <full-stacktrace>
              <![CDATA[org.openqa.selenium.SessionNotCreatedException: session not created: This version of ChromeDriver only supports Chrome version 80
Build info: version: '3.141.59', revision: 'e82be7d358', time: '2018-11-14T08:17:03'
System info: host: 'DESKTOP-QPB2JR7', ip: '192.168.1.104', os.name: 'Windows 10', os.arch: 'amd64', os.version: '10.0', java.version: '1.8.0_241'
Driver info: driver.version: ChromeDriver
remote stacktrace: Backtrace:
	Ordinal0 [0x00430C83+1707139]
	Ordinal0 [0x003968F1+1075441]
	Ordinal0 [0x0030DFC9+516041]
	Ordinal0 [0x002A0554+66900]
	Ordinal0 [0x0029CCE2+52450]
	Ordinal0 [0x002BBFD7+180183]
	Ordinal0 [0x002BBDDD+179677]
	Ordinal0 [0x002B9D4B+171339]
	Ordinal0 [0x002A1D4A+73034]
	Ordinal0 [0x002A2DC0+77248]
	Ordinal0 [0x002A2D59+77145]
	Ordinal0 [0x003ABB67+1162087]
	GetHandleVerifier [0x004CA966+508998]
	GetHandleVerifier [0x004CA6A4+508292]
	GetHandleVerifier [0x004DF7B7+594583]
	GetHandleVerifier [0x004CB1D6+511158]
	Ordinal0 [0x003A402C+1130540]
	Ordinal0 [0x003AD4CB+1168587]
	Ordinal0 [0x003AD633+1168947]
	Ordinal0 [0x003C5B35+1268533]
	BaseThreadInitThunk [0x75406359+25]
	RtlGetAppContainerNamedObjectPath [0x776C7C24+228]
	RtlGetAppContainerNamedObjectPath [0x776C7BF4+180]

	at sun.reflect.NativeConstructorAccessorImpl.newInstance0(Native Method)
	at sun.reflect.NativeConstructorAccessorImpl.newInstance(Unknown Source)
	at sun.reflect.DelegatingConstructorAccessorImpl.newInstance(Unknown Source)
	at java.lang.reflect.Constructor.newInstance(Unknown Source)
	at org.openqa.selenium.remote.W3CHandshakeResponse.lambda$errorHandler$0(W3CHandshakeResponse.java:62)
	at org.openqa.selenium.remote.HandshakeResponse.lambda$getResponseFunction$0(HandshakeResponse.java:30)
	at org.openqa.selenium.remote.ProtocolHandshake.lambda$createSession$0(ProtocolHandshake.java:126)
	at java.util.stream.ReferencePipeline$3$1.accept(Unknown Source)
	at java.util.Spliterators$ArraySpliterator.tryAdvance(Unknown Source)
	at java.util.stream.ReferencePipeline.forEachWithCancel(Unknown Source)
	at java.util.stream.AbstractPipeline.copyIntoWithCancel(Unknown Source)
	at java.util.stream.AbstractPipeline.copyInto(Unknown Source)
	at java.util.stream.AbstractPipeline.wrapAndCopyInto(Unknown Source)
	at java.util.stream.FindOps$FindOp.evaluateSequential(Unknown Source)
	at java.util.stream.AbstractPipeline.evaluate(Unknown Source)
	at java.util.stream.ReferencePipeline.findFirst(Unknown Source)
	at org.openqa.selenium.remote.ProtocolHandshake.createSession(ProtocolHandshake.java:128)
	at org.openqa.selenium.remote.ProtocolHandshake.createSession(ProtocolHandshake.java:74)
	at org.openqa.selenium.remote.HttpCommandExecutor.execute(HttpCommandExecutor.java:136)
	at org.openqa.selenium.remote.service.DriverCommandExecutor.execute(DriverCommandExecutor.java:83)
	at org.openqa.selenium.remote.RemoteWebDriver.execute(RemoteWebDriver.java:552)
	at org.openqa.selenium.remote.RemoteWebDriver.startSession(RemoteWebDriver.java:213)
	at org.openqa.selenium.remote.RemoteWebDriver.<init>(RemoteWebDriver.java:131)
	at org.openqa.selenium.chrome.ChromeDriver.<init>(ChromeDriver.java:181)
	at org.openqa.selenium.chrome.ChromeDriver.<init>(ChromeDriver.java:168)
	at org.openqa.selenium.chrome.ChromeDriver.<init>(ChromeDriver.java:123)
	at com.acti.Base.DriverScript.initApp(DriverScript.java:37)
	at com.acti.Testcase.BaseTest.preTest(BaseTest.java:23)
	at sun.reflect.NativeMethodAccessorImpl.invoke0(Native Method)
	at sun.reflect.NativeMethodAccessorImpl.invoke(Unknown Source)
	at sun.reflect.DelegatingMethodAccessorImpl.invoke(Unknown Source)
	at java.lang.reflect.Method.invoke(Unknown Source)
	at org.testng.internal.MethodInvocationHelper.invokeMethod(MethodInvocationHelper.java:100)
	at org.testng.internal.Invoker.invokeConfigurationMethod(Invoker.java:515)
	at org.testng.internal.Invoker.invokeConfigurations(Invoker.java:216)
	at org.testng.internal.Invoker.invokeMethod(Invoker.java:590)
	at org.testng.internal.Invoker.invokeTestMethod(Invoker.java:811)
	at org.testng.internal.Invoker.invokeTestMethods(Invoker.java:1129)
	at org.testng.internal.TestMethodWorker.invokeTestMethods(TestMethodWorker.java:129)
	at org.testng.internal.TestMethodWorker.run(TestMethodWorker.java:112)
	at org.testng.TestRunner.privateRun(TestRunner.java:746)
	at org.testng.TestRunner.run(TestRunner.java:600)
	at org.testng.SuiteRunner.runTest(SuiteRunner.java:366)
	at org.testng.SuiteRunner.runSequentially(SuiteRunner.java:361)
	at org.testng.SuiteRunner.privateRun(SuiteRunner.java:319)
	at org.testng.SuiteRunner.run(SuiteRunner.java:268)
	at org.testng.SuiteRunnerWorker.runSuite(SuiteRunnerWorker.java:52)
	at org.testng.SuiteRunnerWorker.run(SuiteRunnerWorker.java:86)
	at org.testng.TestNG.runSuitesSequentially(TestNG.java:1264)
	at org.testng.TestNG.runSuitesLocally(TestNG.java:1189)
	at org.testng.TestNG.runSuites(TestNG.java:1104)
	at org.testng.TestNG.run(TestNG.java:1076)
	at org.testng.remote.AbstractRemoteTestNG.run(AbstractRemoteTestNG.java:126)
	at org.testng.remote.RemoteTestNG.initAndRun(RemoteTestNG.java:152)
	at org.testng.remote.RemoteTestNG.main(RemoteTestNG.java:57)
]]>
            </full-stacktrace>
          </exception> <!-- org.openqa.selenium.SessionNotCreatedException -->
          <reporter-output>
          </reporter-output>
        </test-method> <!-- preTest -->
        <test-method status="SKIP" signature="TestverifyactiLogo()[pri:1, instance:com.acti.Testcase.LoginPageTest@26653222]" name="TestverifyactiLogo" duration-ms="3" started-at="2020-09-09T20:09:14Z" finished-at="2020-09-09T20:09:14Z">
          <reporter-output>
          </reporter-output>
        </test-method> <!-- TestverifyactiLogo -->
        <test-method status="SKIP" signature="postTest()[pri:0, instance:com.acti.Testcase.LoginPageTest@26653222]" name="postTest" is-config="true" duration-ms="0" started-at="2020-09-09T20:09:14Z" finished-at="2020-09-09T20:09:14Z">
          <reporter-output>
          </reporter-output>
        </test-method> <!-- postTest -->
        <test-method status="SKIP" signature="preTest()[pri:0, instance:com.acti.Testcase.LoginPageTest@26653222]" name="preTest" is-config="true" duration-ms="0" started-at="2020-09-09T20:09:14Z" finished-at="2020-09-09T20:09:14Z">
          <reporter-output>
          </reporter-output>
        </test-method> <!-- preTest -->
        <test-method status="SKIP" signature="TestLoginPageTitle()[pri:2, instance:com.acti.Testcase.LoginPageTest@26653222]" name="TestLoginPageTitle" duration-ms="2" started-at="2020-09-09T20:09:14Z" finished-at="2020-09-09T20:09:14Z">
          <reporter-output>
          </reporter-output>
        </test-method> <!-- TestLoginPageTitle -->
        <test-method status="SKIP" signature="postTest()[pri:0, instance:com.acti.Testcase.LoginPageTest@26653222]" name="postTest" is-config="true" duration-ms="0" started-at="2020-09-09T20:09:14Z" finished-at="2020-09-09T20:09:14Z">
          <reporter-output>
          </reporter-output>
        </test-method> <!-- postTest -->
        <test-method status="SKIP" signature="preTest()[pri:0, instance:com.acti.Testcase.LoginPageTest@26653222]" name="preTest" is-config="true" duration-ms="0" started-at="2020-09-09T20:09:14Z" finished-at="2020-09-09T20:09:14Z">
          <reporter-output>
          </reporter-output>
        </test-method> <!-- preTest -->
        <test-method status="SKIP" signature="TestvalidateLoginFunction()[pri:3, instance:com.acti.Testcase.LoginPageTest@26653222]" name="TestvalidateLoginFunction" duration-ms="2" started-at="2020-09-09T20:09:14Z" finished-at="2020-09-09T20:09:14Z">
          <reporter-output>
          </reporter-output>
        </test-method> <!-- TestvalidateLoginFunction -->
        <test-method status="SKIP" signature="postTest()[pri:0, instance:com.acti.Testcase.LoginPageTest@26653222]" name="postTest" is-config="true" duration-ms="0" started-at="2020-09-09T20:09:14Z" finished-at="2020-09-09T20:09:14Z">
          <reporter-output>
          </reporter-output>
        </test-method> <!-- postTest -->
        <test-method status="SKIP" signature="preTest()[pri:0, instance:com.acti.Testcase.LoginPageTest@26653222]" name="preTest" is-config="true" duration-ms="0" started-at="2020-09-09T20:09:14Z" finished-at="2020-09-09T20:09:14Z">
          <reporter-output>
          </reporter-output>
        </test-method> <!-- preTest -->
        <test-method status="SKIP" signature="TestvalidateLoginFunction1()[pri:4, instance:com.acti.Testcase.LoginPageTest@26653222]" name="TestvalidateLoginFunction1" duration-ms="1" started-at="2020-09-09T20:09:14Z" finished-at="2020-09-09T20:09:14Z">
          <reporter-output>
          </reporter-output>
        </test-method> <!-- TestvalidateLoginFunction1 -->
        <test-method status="SKIP" signature="postTest()[pri:0, instance:com.acti.Testcase.LoginPageTest@26653222]" name="postTest" is-config="true" duration-ms="0" started-at="2020-09-09T20:09:14Z" finished-at="2020-09-09T20:09:14Z">
          <reporter-output>
          </reporter-output>
        </test-method> <!-- postTest -->
      </class> <!-- com.acti.Testcase.LoginPageTest -->
    </test> <!-- Default test -->
  </suite> <!-- Default suite -->
</testng-results>
