<?xml version="1.0" encoding="UTF-8"?>
<testng-results skipped="0" failed="1" total="5" passed="4">
  <reporter-output>
  </reporter-output>
  <suite name="Suite" duration-ms="83339" started-at="2020-05-27T19:54:27Z" finished-at="2020-05-27T19:55:50Z">
    <groups>
    </groups>
    <test name="Test" duration-ms="83339" started-at="2020-05-27T19:54:27Z" finished-at="2020-05-27T19:55:50Z">
      <class name="com.acti.Testcase.TestCreateCustomer">
        <test-method status="PASS" signature="preTest()[pri:0, instance:com.acti.Testcase.TestCreateCustomer@68c4039c]" name="preTest" is-config="true" duration-ms="12162" started-at="2020-05-27T14:55:26Z" finished-at="2020-05-27T14:55:38Z">
          <reporter-output>
          </reporter-output>
        </test-method> <!-- preTest -->
        <test-method status="FAIL" signature="testCreateCustomer()[pri:0, instance:com.acti.Testcase.TestCreateCustomer@68c4039c]" name="testCreateCustomer" duration-ms="7998" started-at="2020-05-27T14:55:38Z" finished-at="2020-05-27T14:55:46Z">
          <exception class="org.openqa.selenium.ElementClickInterceptedException">
            <message>
              <![CDATA[element click intercepted: Element <a href="/logout.do" id="logoutLink" class="logout" style="background:yellow;border: 2px solid red;">...</a> is not clickable at point (1309, 5). Other element would receive the click: <img src="/img/default/dialogs/exitconfirm/shade.png?hash=1971680085" id="muar" style="display: block;">
  (Session info: chrome=81.0.4044.138)
Build info: version: '3.141.59', revision: 'e82be7d358', time: '2018-11-14T08:17:03'
System info: host: 'DESKTOP-QPB2JR7', ip: '192.168.1.104', os.name: 'Windows 10', os.arch: 'amd64', os.version: '10.0', java.version: '1.8.0_241'
Driver info: org.openqa.selenium.chrome.ChromeDriver
Capabilities {acceptInsecureCerts: false, browserName: chrome, browserVersion: 81.0.4044.138, chrome: {chromedriverVersion: 80.0.3987.106 (f68069574609..., userDataDir: C:\Users\rohan\AppData\Loca...}, goog:chromeOptions: {debuggerAddress: localhost:50532}, javascriptEnabled: true, networkConnectionEnabled: false, pageLoadStrategy: normal, platform: WINDOWS, platformName: WINDOWS, proxy: Proxy(), setWindowRect: true, strictFileInteractability: false, timeouts: {implicit: 0, pageLoad: 300000, script: 30000}, unhandledPromptBehavior: dismiss and notify}
Session ID: 7dcd0e321aeb4339739abd4ea63b1325]]>
            </message>
            <full-stacktrace>
              <![CDATA[org.openqa.selenium.ElementClickInterceptedException: element click intercepted: Element <a href="/logout.do" id="logoutLink" class="logout" style="background:yellow;border: 2px solid red;">...</a> is not clickable at point (1309, 5). Other element would receive the click: <img src="/img/default/dialogs/exitconfirm/shade.png?hash=1971680085" id="muar" style="display: block;">
  (Session info: chrome=81.0.4044.138)
Build info: version: '3.141.59', revision: 'e82be7d358', time: '2018-11-14T08:17:03'
System info: host: 'DESKTOP-QPB2JR7', ip: '192.168.1.104', os.name: 'Windows 10', os.arch: 'amd64', os.version: '10.0', java.version: '1.8.0_241'
Driver info: org.openqa.selenium.chrome.ChromeDriver
Capabilities {acceptInsecureCerts: false, browserName: chrome, browserVersion: 81.0.4044.138, chrome: {chromedriverVersion: 80.0.3987.106 (f68069574609..., userDataDir: C:\Users\rohan\AppData\Loca...}, goog:chromeOptions: {debuggerAddress: localhost:50532}, javascriptEnabled: true, networkConnectionEnabled: false, pageLoadStrategy: normal, platform: WINDOWS, platformName: WINDOWS, proxy: Proxy(), setWindowRect: true, strictFileInteractability: false, timeouts: {implicit: 0, pageLoad: 300000, script: 30000}, unhandledPromptBehavior: dismiss and notify}
Session ID: 7dcd0e321aeb4339739abd4ea63b1325
	at sun.reflect.NativeConstructorAccessorImpl.newInstance0(Native Method)
	at sun.reflect.NativeConstructorAccessorImpl.newInstance(Unknown Source)
	at sun.reflect.DelegatingConstructorAccessorImpl.newInstance(Unknown Source)
	at java.lang.reflect.Constructor.newInstance(Unknown Source)
	at org.openqa.selenium.remote.http.W3CHttpResponseCodec.createException(W3CHttpResponseCodec.java:187)
	at org.openqa.selenium.remote.http.W3CHttpResponseCodec.decode(W3CHttpResponseCodec.java:122)
	at org.openqa.selenium.remote.http.W3CHttpResponseCodec.decode(W3CHttpResponseCodec.java:49)
	at org.openqa.selenium.remote.HttpCommandExecutor.execute(HttpCommandExecutor.java:158)
	at org.openqa.selenium.remote.service.DriverCommandExecutor.execute(DriverCommandExecutor.java:83)
	at org.openqa.selenium.remote.RemoteWebDriver.execute(RemoteWebDriver.java:552)
	at org.openqa.selenium.remote.RemoteWebElement.execute(RemoteWebElement.java:285)
	at org.openqa.selenium.remote.RemoteWebElement.click(RemoteWebElement.java:84)
	at sun.reflect.NativeMethodAccessorImpl.invoke0(Native Method)
	at sun.reflect.NativeMethodAccessorImpl.invoke(Unknown Source)
	at sun.reflect.DelegatingMethodAccessorImpl.invoke(Unknown Source)
	at java.lang.reflect.Method.invoke(Unknown Source)
	at org.openqa.selenium.support.pagefactory.internal.LocatingElementHandler.invoke(LocatingElementHandler.java:51)
	at com.sun.proxy.$Proxy9.click(Unknown Source)
	at com.acti.Pages.EnterTimePage.clicklogoutLink(EnterTimePage.java:24)
	at com.acti.Testcase.TestCreateCustomer.testCreateCustomer(TestCreateCustomer.java:34)
	at sun.reflect.NativeMethodAccessorImpl.invoke0(Native Method)
	at sun.reflect.NativeMethodAccessorImpl.invoke(Unknown Source)
	at sun.reflect.DelegatingMethodAccessorImpl.invoke(Unknown Source)
	at java.lang.reflect.Method.invoke(Unknown Source)
	at org.testng.internal.MethodInvocationHelper.invokeMethod(MethodInvocationHelper.java:100)
	at org.testng.internal.Invoker.invokeMethod(Invoker.java:646)
	at org.testng.internal.Invoker.invokeTestMethod(Invoker.java:811)
	at org.testng.internal.Invoker.invokeTestMethods(Invoker.java:1129)
	at org.testng.internal.TestMethodWorker.invokeTestMethods(TestMethodWorker.java:129)
	at org.testng.internal.TestMethodWorker.run(TestMethodWorker.java:112)
	at org.testng.TestRunner.privateRun(TestRunner.java:746)
	at org.testng.TestRunner.run(TestRunner.java:600)
	at org.testng.SuiteRunner.runTest(SuiteRunner.java:366)
	at org.testng.SuiteRunner.runSequentially(SuiteRunner.java:361)
	at org.testng.SuiteRunner.privateRun(SuiteRunner.java:319)
	at org.testng.SuiteRunner.run(SuiteRunner.java:268)
	at org.testng.SuiteRunnerWorker.runSuite(SuiteRunnerWorker.java:52)
	at org.testng.SuiteRunnerWorker.run(SuiteRunnerWorker.java:86)
	at org.testng.TestNG.runSuitesSequentially(TestNG.java:1264)
	at org.testng.TestNG.runSuitesLocally(TestNG.java:1189)
	at org.testng.TestNG.runSuites(TestNG.java:1104)
	at org.testng.TestNG.run(TestNG.java:1076)
	at org.testng.remote.AbstractRemoteTestNG.run(AbstractRemoteTestNG.java:126)
	at org.testng.remote.RemoteTestNG.initAndRun(RemoteTestNG.java:152)
	at org.testng.remote.RemoteTestNG.main(RemoteTestNG.java:57)
]]>
            </full-stacktrace>
          </exception> <!-- org.openqa.selenium.ElementClickInterceptedException -->
          <reporter-output>
          </reporter-output>
        </test-method> <!-- testCreateCustomer -->
        <test-method status="PASS" signature="postTest()[pri:0, instance:com.acti.Testcase.TestCreateCustomer@68c4039c]" name="postTest" is-config="true" duration-ms="4117" started-at="2020-05-27T14:55:46Z" finished-at="2020-05-27T14:55:50Z">
          <reporter-output>
          </reporter-output>
        </test-method> <!-- postTest -->
      </class> <!-- com.acti.Testcase.TestCreateCustomer -->
      <class name="com.acti.Testcase.LoginPageTest">
        <test-method status="PASS" signature="preTest()[pri:0, instance:com.acti.Testcase.LoginPageTest@3532ec19]" name="preTest" is-config="true" duration-ms="14561" started-at="2020-05-27T14:54:27Z" finished-at="2020-05-27T14:54:42Z">
          <reporter-output>
          </reporter-output>
        </test-method> <!-- preTest -->
        <test-method status="PASS" signature="TestverifyactiLogo()[pri:1, instance:com.acti.Testcase.LoginPageTest@3532ec19]" name="TestverifyactiLogo" duration-ms="136" started-at="2020-05-27T14:54:42Z" finished-at="2020-05-27T14:54:42Z">
          <reporter-output>
          </reporter-output>
        </test-method> <!-- TestverifyactiLogo -->
        <test-method status="PASS" signature="postTest()[pri:0, instance:com.acti.Testcase.LoginPageTest@3532ec19]" name="postTest" is-config="true" duration-ms="278" started-at="2020-05-27T14:54:42Z" finished-at="2020-05-27T14:54:42Z">
          <reporter-output>
          </reporter-output>
        </test-method> <!-- postTest -->
        <test-method status="PASS" signature="preTest()[pri:0, instance:com.acti.Testcase.LoginPageTest@3532ec19]" name="preTest" is-config="true" duration-ms="12332" started-at="2020-05-27T14:54:42Z" finished-at="2020-05-27T14:54:54Z">
          <reporter-output>
          </reporter-output>
        </test-method> <!-- preTest -->
        <test-method status="PASS" signature="TestLoginPageTitle()[pri:2, instance:com.acti.Testcase.LoginPageTest@3532ec19]" name="TestLoginPageTitle" duration-ms="15" started-at="2020-05-27T14:54:54Z" finished-at="2020-05-27T14:54:54Z">
          <reporter-output>
          </reporter-output>
        </test-method> <!-- TestLoginPageTitle -->
        <test-method status="PASS" signature="postTest()[pri:0, instance:com.acti.Testcase.LoginPageTest@3532ec19]" name="postTest" is-config="true" duration-ms="274" started-at="2020-05-27T14:54:54Z" finished-at="2020-05-27T14:54:55Z">
          <reporter-output>
          </reporter-output>
        </test-method> <!-- postTest -->
        <test-method status="PASS" signature="preTest()[pri:0, instance:com.acti.Testcase.LoginPageTest@3532ec19]" name="preTest" is-config="true" duration-ms="12885" started-at="2020-05-27T14:54:55Z" finished-at="2020-05-27T14:55:08Z">
          <reporter-output>
          </reporter-output>
        </test-method> <!-- preTest -->
        <test-method status="PASS" signature="TestvalidateLoginFunction()[pri:3, instance:com.acti.Testcase.LoginPageTest@3532ec19]" name="TestvalidateLoginFunction" duration-ms="616" started-at="2020-05-27T14:55:08Z" finished-at="2020-05-27T14:55:08Z">
          <reporter-output>
          </reporter-output>
        </test-method> <!-- TestvalidateLoginFunction -->
        <test-method status="PASS" signature="postTest()[pri:0, instance:com.acti.Testcase.LoginPageTest@3532ec19]" name="postTest" is-config="true" duration-ms="4370" started-at="2020-05-27T14:55:08Z" finished-at="2020-05-27T14:55:13Z">
          <reporter-output>
          </reporter-output>
        </test-method> <!-- postTest -->
        <test-method status="PASS" signature="preTest()[pri:0, instance:com.acti.Testcase.LoginPageTest@3532ec19]" name="preTest" is-config="true" duration-ms="12731" started-at="2020-05-27T14:55:13Z" finished-at="2020-05-27T14:55:25Z">
          <reporter-output>
          </reporter-output>
        </test-method> <!-- preTest -->
        <test-method status="PASS" signature="TestvalidateLoginFunction1()[pri:4, instance:com.acti.Testcase.LoginPageTest@3532ec19]" name="TestvalidateLoginFunction1" duration-ms="667" started-at="2020-05-27T14:55:25Z" finished-at="2020-05-27T14:55:26Z">
          <reporter-output>
          </reporter-output>
        </test-method> <!-- TestvalidateLoginFunction1 -->
        <test-method status="PASS" signature="postTest()[pri:0, instance:com.acti.Testcase.LoginPageTest@3532ec19]" name="postTest" is-config="true" duration-ms="156" started-at="2020-05-27T14:55:26Z" finished-at="2020-05-27T14:55:26Z">
          <reporter-output>
          </reporter-output>
        </test-method> <!-- postTest -->
      </class> <!-- com.acti.Testcase.LoginPageTest -->
    </test> <!-- Test -->
  </suite> <!-- Suite -->
</testng-results>
